# JRE version: OpenJDK Runtime Environment (8.0_242-b01) (build 1.8.0_242-release-1644-b01)
# Java VM: OpenJDK 64-Bit Server VM (25.242-b01 mixed mode windows-amd64 compressed oops)
Heap:
 PSYoungGen      total 582656K, used 562544K [0x00000000d5580000, 0x0000000100000000, 0x0000000100000000)
  eden space 466432K, 95% used [0x00000000d5580000,0x00000000f0963680,0x00000000f1d00000)
  from space 116224K, 99% used [0x00000000f1d00000,0x00000000f8e78ab8,0x00000000f8e80000)
  to   space 116224K, 0% used [0x00000000f8e80000,0x00000000f8e80000,0x0000000100000000)
 ParOldGen       total 374784K, used 136538K [0x0000000080000000, 0x0000000096e00000, 0x00000000d5580000)
  object space 374784K, 36% used [0x0000000080000000,0x00000000885568c0,0x0000000096e00000)
 Metaspace       used 208911K, capacity 223956K, committed 224024K, reserved 1243136K
  class space    used 27022K, capacity 29692K, committed 29744K, reserved 1048576K
GC Heap History (10 events):
Event: 2121.953 GC heap before
{Heap before GC invocations=48 (full 5):
 PSYoungGen      total 595456K, used 587808K [0x00000000d5580000, 0x0000000100000000, 0x0000000100000000)
  eden space 520704K, 100% used [0x00000000d5580000,0x00000000f5200000,0x00000000f5200000)
  from space 74752K, 89% used [0x00000000fb700000,0x00000000ff888168,0x0000000100000000)
  to   space 89088K, 0% used [0x00000000f5200000,0x00000000f5200000,0x00000000fa900000)
 ParOldGen       total 374784K, used 106390K [0x0000000080000000, 0x0000000096e00000, 0x00000000d5580000)
  object space 374784K, 28% used [0x0000000080000000,0x00000000867e5a10,0x0000000096e00000)
 Metaspace       used 198279K, capacity 212344K, committed 212504K, reserved 1232896K
  class space    used 25627K, capacity 28112K, committed 28208K, reserved 1048576K
Event: 2121.997 GC heap after
Heap after GC invocations=48 (full 5):
 PSYoungGen      total 596992K, used 75823K [0x00000000d5580000, 0x0000000100000000, 0x0000000100000000)
  eden space 520704K, 0% used [0x00000000d5580000,0x00000000d5580000,0x00000000f5200000)
  from space 76288K, 99% used [0x00000000f5200000,0x00000000f9c0bc38,0x00000000f9c80000)
  to   space 97792K, 0% used [0x00000000fa080000,0x00000000fa080000,0x0000000100000000)
 ParOldGen       total 374784K, used 106398K [0x0000000080000000, 0x0000000096e00000, 0x00000000d5580000)
  object space 374784K, 28% used [0x0000000080000000,0x00000000867e7a10,0x0000000096e00000)
 Metaspace       used 198279K, capacity 212344K, committed 212504K, reserved 1232896K
  class space    used 25627K, capacity 28112K, committed 28208K, reserved 1048576K
}
Event: 2122.468 GC heap before
{Heap before GC invocations=49 (full 5):
 PSYoungGen      total 596992K, used 596527K [0x00000000d5580000, 0x0000000100000000, 0x0000000100000000)
  eden space 520704K, 100% used [0x00000000d5580000,0x00000000f5200000,0x00000000f5200000)
  from space 76288K, 99% used [0x00000000f5200000,0x00000000f9c0bc38,0x00000000f9c80000)
  to   space 97792K, 0% used [0x00000000fa080000,0x00000000fa080000,0x0000000100000000)
 ParOldGen       total 374784K, used 106398K [0x0000000080000000, 0x0000000096e00000, 0x00000000d5580000)
  object space 374784K, 28% used [0x0000000080000000,0x00000000867e7a10,0x0000000096e00000)
 Metaspace       used 198340K, capacity 212412K, committed 212760K, reserved 1234944K
  class space    used 25627K, capacity 28112K, committed 28208K, reserved 1048576K
Event: 2122.508 GC heap after
Heap after GC invocations=49 (full 5):
 PSYoungGen      total 583680K, used 81374K [0x00000000d5580000, 0x0000000100000000, 0x0000000100000000)
  eden space 485888K, 0% used [0x00000000d5580000,0x00000000d5580000,0x00000000f3000000)
  from space 97792K, 83% used [0x00000000fa080000,0x00000000feff7840,0x0000000100000000)
  to   space 106496K, 0% used [0x00000000f3000000,0x00000000f3000000,0x00000000f9800000)
 ParOldGen       total 374784K, used 106406K [0x0000000080000000, 0x0000000096e00000, 0x00000000d5580000)
  object space 374784K, 28% used [0x0000000080000000,0x00000000867e9a10,0x0000000096e00000)
 Metaspace       used 198340K, capacity 212412K, committed 212760K, reserved 1234944K
  class space    used 25627K, capacity 28112K, committed 28208K, reserved 1048576K
}
Event: 2192.877 GC heap before
{Heap before GC invocations=50 (full 5):
 PSYoungGen      total 583680K, used 567262K [0x00000000d5580000, 0x0000000100000000, 0x0000000100000000)
  eden space 485888K, 100% used [0x00000000d5580000,0x00000000f3000000,0x00000000f3000000)
  from space 97792K, 83% used [0x00000000fa080000,0x00000000feff7840,0x0000000100000000)
  to   space 106496K, 0% used [0x00000000f3000000,0x00000000f3000000,0x00000000f9800000)
 ParOldGen       total 374784K, used 106406K [0x0000000080000000, 0x0000000096e00000, 0x00000000d5580000)
  object space 374784K, 28% used [0x0000000080000000,0x00000000867e9a10,0x0000000096e00000)
 Metaspace       used 198414K, capacity 212476K, committed 212760K, reserved 1234944K
  class space    used 25627K, capacity 28112K, committed 28208K, reserved 1048576K
Event: 2192.910 GC heap after
Heap after GC invocations=50 (full 5):
 PSYoungGen      total 561664K, used 75363K [0x00000000d5580000, 0x0000000100000000, 0x0000000100000000)
  eden space 485888K, 0% used [0x00000000d5580000,0x00000000d5580000,0x00000000f3000000)
  from space 75776K, 99% used [0x00000000f3000000,0x00000000f7998c18,0x00000000f7a00000)
  to   space 110592K, 0% used [0x00000000f9400000,0x00000000f9400000,0x0000000100000000)
 ParOldGen       total 374784K, used 106414K [0x0000000080000000, 0x0000000096e00000, 0x00000000d5580000)
  object space 374784K, 28% used [0x0000000080000000,0x00000000867eba10,0x0000000096e00000)
 Metaspace       used 198414K, capacity 212476K, committed 212760K, reserved 1234944K
  class space    used 25627K, capacity 28112K, committed 28208K, reserved 1048576K
}
Event: 2264.802 GC heap before
{Heap before GC invocations=51 (full 5):
 PSYoungGen      total 561664K, used 561251K [0x00000000d5580000, 0x0000000100000000, 0x0000000100000000)
  eden space 485888K, 100% used [0x00000000d5580000,0x00000000f3000000,0x00000000f3000000)
  from space 75776K, 99% used [0x00000000f3000000,0x00000000f7998c18,0x00000000f7a00000)
  to   space 110592K, 0% used [0x00000000f9400000,0x00000000f9400000,0x0000000100000000)
 ParOldGen       total 374784K, used 106414K [0x0000000080000000, 0x0000000096e00000, 0x00000000d5580000)
  object space 374784K, 28% used [0x0000000080000000,0x00000000867eba10,0x0000000096e00000)
 Metaspace       used 201016K, capacity 215296K, committed 215448K, reserved 1236992K
  class space    used 25933K, capacity 28470K, committed 28592K, reserved 1048576K
Event: 2264.859 GC heap after
Heap after GC invocations=51 (full 5):
 PSYoungGen      total 577024K, used 81516K [0x00000000d5580000, 0x0000000100000000, 0x0000000100000000)
  eden space 466432K, 0% used [0x00000000d5580000,0x00000000d5580000,0x00000000f1d00000)
  from space 110592K, 73% used [0x00000000f9400000,0x00000000fe39b198,0x0000000100000000)
  to   space 116224K, 0% used [0x00000000f1d00000,0x00000000f1d00000,0x00000000f8e80000)
 ParOldGen       total 374784K, used 111732K [0x0000000080000000, 0x0000000096e00000, 0x00000000d5580000)
  object space 374784K, 29% used [0x0000000080000000,0x0000000086d1d2c0,0x0000000096e00000)
 Metaspace       used 201016K, capacity 215296K, committed 215448K, reserved 1236992K
  class space    used 25933K, capacity 28470K, committed 28592K, reserved 1048576K
}
Event: 2266.703 GC heap before
{Heap before GC invocations=52 (full 5):
 PSYoungGen      total 577024K, used 547948K [0x00000000d5580000, 0x0000000100000000, 0x0000000100000000)
  eden space 466432K, 100% used [0x00000000d5580000,0x00000000f1d00000,0x00000000f1d00000)
  from space 110592K, 73% used [0x00000000f9400000,0x00000000fe39b198,0x0000000100000000)
  to   space 116224K, 0% used [0x00000000f1d00000,0x00000000f1d00000,0x00000000f8e80000)
 ParOldGen       total 374784K, used 111732K [0x0000000080000000, 0x0000000096e00000, 0x00000000d5580000)
  object space 374784K, 29% used [0x0000000080000000,0x0000000086d1d2c0,0x0000000096e00000)
 Metaspace       used 206988K, capacity 221858K, committed 221976K, reserved 1241088K
  class space    used 26850K, capacity 29483K, committed 29488K, reserved 1048576K
Event: 2266.797 GC heap after
Heap after GC invocations=52 (full 5):
 PSYoungGen      total 582656K, used 116194K [0x00000000d5580000, 0x0000000100000000, 0x0000000100000000)
  eden space 466432K, 0% used [0x00000000d5580000,0x00000000d5580000,0x00000000f1d00000)
  from space 116224K, 99% used [0x00000000f1d00000,0x00000000f8e78ab8,0x00000000f8e80000)
  to   space 116224K, 0% used [0x00000000f8e80000,0x00000000f8e80000,0x0000000100000000)
 ParOldGen       total 374784K, used 136538K [0x0000000080000000, 0x0000000096e00000, 0x00000000d5580000)
  object space 374784K, 36% used [0x0000000080000000,0x00000000885568c0,0x0000000096e00000)
 Metaspace       used 206988K, capacity 221858K, committed 221976K, reserved 1241088K
  class space    used 26850K, capacity 29483K, committed 29488K, reserved 1048576K
}

